<?xml version="1.0" encoding="UTF-8"?>
<Site BuildName="Win32-MSBuild"
	BuildStamp="20240429-1443-Experimental"
	Name="SRPIN2B25WS"
	Generator="ctest-3.27.2-msvc1"
	CompilerName="C:/Program Files/Microsoft Visual Studio/2022/Professional/VC/Tools/MSVC/14.38.33130/bin/Hostx64/x86/cl.exe"
	CompilerVersion="19.38.33133.0"
	OSName="Windows"
	Hostname="SRPIN2B25WS"
	OSRelease=" Professional"
	OSVersion=" (Build 22000)"
	OSPlatform="AMD64"
	Is64Bits="1"
	VendorString="GenuineIntel"
	VendorID="Intel Corporation"
	FamilyID="6"
	ModelID="14"
	ProcessorCacheSize="-1"
	NumberOfLogicalCPU="8"
	NumberOfPhysicalCPU="8"
	TotalVirtualMemory="23198"
	TotalPhysicalMemory="16158"
	LogicalProcessorsPerPhysical="1"
	ProcessorClockFrequency="3000"
	>
	<Testing>
		<StartDateTime>Apr 29 09:43 Central Daylight Time</StartDateTime>
		<StartTestTime>1714401799</StartTestTime>
		<TestList/>
		<EndDateTime>Apr 29 09:43 Central Daylight Time</EndDateTime>
		<EndTestTime>1714401799</EndTestTime>
		<ElapsedMinutes>0</ElapsedMinutes>
	</Testing>
</Site>
